<?xml version="1.0" encoding="UTF-8"?>
<!-- Generated by org.testng.reporters.JUnitReportReporter -->
<testsuite hostname="Computer-PC" name="test.testlogin" tests="1" failures="0" timestamp="26 Jun 2016 04:42:50 GMT" time="51.244" errors="0">
  <testcase name="Login_Admin_Successful" time="51.244" classname="test.testlogin"/>
</testsuite> <!-- test.testlogin -->
