<?xml version="1.0" encoding="UTF-8"?>
<!-- Generated by org.testng.reporters.JUnitReportReporter -->
<testsuite hostname="Computer-PC" name="test.testregister" tests="1" failures="0" timestamp="26 Jun 2016 03:57:17 GMT" time="55.296" errors="0">
  <testcase name="addNewUser" time="55.296" classname="test.testregister"/>
</testsuite> <!-- test.testregister -->
